-------------------------------------------------------------------------------
Test set: slokam.SpringBOOT.ApplicationTests
-------------------------------------------------------------------------------
Tests run: 1, Failures: 0, Errors: 1, Skipped: 0, Time elapsed: 0.644 s <<< FAILURE! - in slokam.SpringBOOT.ApplicationTests
slokam.SpringBOOT.ApplicationTests  Time elapsed: 0.643 s  <<< ERROR!
java.lang.IllegalStateException: Unable to find a @SpringBootConfiguration, you need to use @ContextConfiguration or @SpringBootTest(classes=...) with your test

